file:///E:/lab/timerweb/backend/server.js:1
const express = require('express');
                ^

ReferenceError: require is not defined in ES module scope, you can use import instead
This file is being treated as an ES module because it has a '.js' file extension and '\\?\E:\lab\timerweb\backend\package.json' contains "type": "module". To treat it as a CommonJS script, rename it to use the '.cjs' file extension.
    at file:///E:/lab/timerweb/backend/server.js:1:17
    at ModuleJob.run (node:internal/modules/esm/module_job:439:25)
    at process.processTicksAndRejections (node:internal/process/task_queues:104:5)
    at async node:internal/modules/esm/loader:646:26
    at async asyncRunEntryPointWithESMLoader (node:internal/modules/run_main:101:5)

Node.js v26.3.0
file:///E:/lab/timerweb/backend/server.js:1
const express = require('express');
                ^

ReferenceError: require is not defined in ES module scope, you can use import instead
This file is being treated as an ES module because it has a '.js' file extension and '\\?\E:\lab\timerweb\backend\package.json' contains "type": "module". To treat it as a CommonJS script, rename it to use the '.cjs' file extension.
    at file:///E:/lab/timerweb/backend/server.js:1:17
    at ModuleJob.run (node:internal/modules/esm/module_job:439:25)
    at process.processTicksAndRejections (node:internal/process/task_queues:104:5)
    at async node:internal/modules/esm/loader:646:26
    at async asyncRunEntryPointWithESMLoader (node:internal/modules/run_main:101:5)

Node.js v26.3.0
file:///E:/lab/timerweb/backend/server.js:1
const express = require('express');
                ^

ReferenceError: require is not defined in ES module scope, you can use import instead
This file is being treated as an ES module because it has a '.js' file extension and '\\?\E:\lab\timerweb\backend\package.json' contains "type": "module". To treat it as a CommonJS script, rename it to use the '.cjs' file extension.
    at file:///E:/lab/timerweb/backend/server.js:1:17
    at ModuleJob.run (node:internal/modules/esm/module_job:439:25)
    at process.processTicksAndRejections (node:internal/process/task_queues:104:5)
    at async node:internal/modules/esm/loader:646:26
    at async asyncRunEntryPointWithESMLoader (node:internal/modules/run_main:101:5)

Node.js v26.3.0
file:///E:/lab/timerweb/backend/server.js:1
const express = require('express');
                ^

ReferenceError: require is not defined in ES module scope, you can use import instead
This file is being treated as an ES module because it has a '.js' file extension and '\\?\E:\lab\timerweb\backend\package.json' contains "type": "module". To treat it as a CommonJS script, rename it to use the '.cjs' file extension.
    at file:///E:/lab/timerweb/backend/server.js:1:17
    at ModuleJob.run (node:internal/modules/esm/module_job:439:25)
    at process.processTicksAndRejections (node:internal/process/task_queues:104:5)
    at async node:internal/modules/esm/loader:646:26
    at async asyncRunEntryPointWithESMLoader (node:internal/modules/run_main:101:5)

Node.js v26.3.0
file:///E:/lab/timerweb/backend/server.js:1
const express = require('express');
                ^

ReferenceError: require is not defined in ES module scope, you can use import instead
This file is being treated as an ES module because it has a '.js' file extension and '\\?\E:\lab\timerweb\backend\package.json' contains "type": "module". To treat it as a CommonJS script, rename it to use the '.cjs' file extension.
    at file:///E:/lab/timerweb/backend/server.js:1:17
    at ModuleJob.run (node:internal/modules/esm/module_job:439:25)
    at process.processTicksAndRejections (node:internal/process/task_queues:104:5)
    at async node:internal/modules/esm/loader:646:26
    at async asyncRunEntryPointWithESMLoader (node:internal/modules/run_main:101:5)

Node.js v26.3.0
file:///E:/lab/timerweb/backend/server.js:1
const express = require('express');
                ^

ReferenceError: require is not defined in ES module scope, you can use import instead
This file is being treated as an ES module because it has a '.js' file extension and '\\?\E:\lab\timerweb\backend\package.json' contains "type": "module". To treat it as a CommonJS script, rename it to use the '.cjs' file extension.
    at file:///E:/lab/timerweb/backend/server.js:1:17
    at ModuleJob.run (node:internal/modules/esm/module_job:439:25)
    at process.processTicksAndRejections (node:internal/process/task_queues:104:5)
    at async node:internal/modules/esm/loader:646:26
    at async asyncRunEntryPointWithESMLoader (node:internal/modules/run_main:101:5)

Node.js v26.3.0
file:///E:/lab/timerweb/backend/server.js:1
const express = require('express');
                ^

ReferenceError: require is not defined in ES module scope, you can use import instead
This file is being treated as an ES module because it has a '.js' file extension and '\\?\E:\lab\timerweb\backend\package.json' contains "type": "module". To treat it as a CommonJS script, rename it to use the '.cjs' file extension.
    at file:///E:/lab/timerweb/backend/server.js:1:17
    at ModuleJob.run (node:internal/modules/esm/module_job:439:25)
    at process.processTicksAndRejections (node:internal/process/task_queues:104:5)
    at async node:internal/modules/esm/loader:646:26
    at async asyncRunEntryPointWithESMLoader (node:internal/modules/run_main:101:5)

Node.js v26.3.0
file:///E:/lab/timerweb/backend/server.js:1
const express = require('express');
                ^

ReferenceError: require is not defined in ES module scope, you can use import instead
This file is being treated as an ES module because it has a '.js' file extension and '\\?\E:\lab\timerweb\backend\package.json' contains "type": "module". To treat it as a CommonJS script, rename it to use the '.cjs' file extension.
    at file:///E:/lab/timerweb/backend/server.js:1:17
    at ModuleJob.run (node:internal/modules/esm/module_job:439:25)
    at process.processTicksAndRejections (node:internal/process/task_queues:104:5)
    at async node:internal/modules/esm/loader:646:26
    at async asyncRunEntryPointWithESMLoader (node:internal/modules/run_main:101:5)

Node.js v26.3.0
file:///E:/lab/timerweb/backend/server.js:1
const express = require('express');
                ^

ReferenceError: require is not defined in ES module scope, you can use import instead
This file is being treated as an ES module because it has a '.js' file extension and '\\?\E:\lab\timerweb\backend\package.json' contains "type": "module". To treat it as a CommonJS script, rename it to use the '.cjs' file extension.
    at file:///E:/lab/timerweb/backend/server.js:1:17
    at ModuleJob.run (node:internal/modules/esm/module_job:439:25)
    at process.processTicksAndRejections (node:internal/process/task_queues:104:5)
    at async node:internal/modules/esm/loader:646:26
    at async asyncRunEntryPointWithESMLoader (node:internal/modules/run_main:101:5)

Node.js v26.3.0
file:///E:/lab/timerweb/backend/server.js:1
const express = require('express');
                ^

ReferenceError: require is not defined in ES module scope, you can use import instead
This file is being treated as an ES module because it has a '.js' file extension and '\\?\E:\lab\timerweb\backend\package.json' contains "type": "module". To treat it as a CommonJS script, rename it to use the '.cjs' file extension.
    at file:///E:/lab/timerweb/backend/server.js:1:17
    at ModuleJob.run (node:internal/modules/esm/module_job:439:25)
    at process.processTicksAndRejections (node:internal/process/task_queues:104:5)
    at async node:internal/modules/esm/loader:646:26
    at async asyncRunEntryPointWithESMLoader (node:internal/modules/run_main:101:5)

Node.js v26.3.0
file:///E:/lab/timerweb/backend/server.js:1
const express = require('express');
                ^

ReferenceError: require is not defined in ES module scope, you can use import instead
This file is being treated as an ES module because it has a '.js' file extension and '\\?\E:\lab\timerweb\backend\package.json' contains "type": "module". To treat it as a CommonJS script, rename it to use the '.cjs' file extension.
    at file:///E:/lab/timerweb/backend/server.js:1:17
    at ModuleJob.run (node:internal/modules/esm/module_job:439:25)
    at process.processTicksAndRejections (node:internal/process/task_queues:104:5)
    at async node:internal/modules/esm/loader:646:26
    at async asyncRunEntryPointWithESMLoader (node:internal/modules/run_main:101:5)

Node.js v26.3.0
file:///E:/lab/timerweb/backend/server.js:1
const express = require('express');
                ^

ReferenceError: require is not defined in ES module scope, you can use import instead
This file is being treated as an ES module because it has a '.js' file extension and '\\?\E:\lab\timerweb\backend\package.json' contains "type": "module". To treat it as a CommonJS script, rename it to use the '.cjs' file extension.
    at file:///E:/lab/timerweb/backend/server.js:1:17
    at ModuleJob.run (node:internal/modules/esm/module_job:439:25)
    at process.processTicksAndRejections (node:internal/process/task_queues:104:5)
    at async node:internal/modules/esm/loader:646:26
    at async asyncRunEntryPointWithESMLoader (node:internal/modules/run_main:101:5)

Node.js v26.3.0
node:internal/modules/cjs/loader:1522
  throw err;
  ^

Error: Cannot find module 'express'
Require stack:
- E:\lab\timerweb\backend\server.js
    at Module._resolveFilename (node:internal/modules/cjs/loader:1519:15)
    at wrapResolveFilename (node:internal/modules/cjs/loader:1073:27)
    at defaultResolveImplForCJSLoading (node:internal/modules/cjs/loader:1097:10)
    at resolveForCJSWithHooks (node:internal/modules/cjs/loader:1124:12)
    at Module._load (node:internal/modules/cjs/loader:1296:5)
    at wrapModuleLoad (node:internal/modules/cjs/loader:255:19)
    at Module.require (node:internal/modules/cjs/loader:1619:12)
    at require (node:internal/modules/helpers:191:16)
    at Object.<anonymous> (E:\lab\timerweb\backend\server.js:1:17)
    at Module._compile (node:internal/modules/cjs/loader:1873:14) {
  code: 'MODULE_NOT_FOUND',
  requireStack: [ 'E:\\lab\\timerweb\\backend\\server.js' ]
}

Node.js v26.3.0
node:internal/modules/cjs/loader:1522
  throw err;
  ^

Error: Cannot find module 'express'
Require stack:
- E:\lab\timerweb\backend\server.js
    at Module._resolveFilename (node:internal/modules/cjs/loader:1519:15)
    at wrapResolveFilename (node:internal/modules/cjs/loader:1073:27)
    at defaultResolveImplForCJSLoading (node:internal/modules/cjs/loader:1097:10)
    at resolveForCJSWithHooks (node:internal/modules/cjs/loader:1124:12)
    at Module._load (node:internal/modules/cjs/loader:1296:5)
    at wrapModuleLoad (node:internal/modules/cjs/loader:255:19)
    at Module.require (node:internal/modules/cjs/loader:1619:12)
    at require (node:internal/modules/helpers:191:16)
    at Object.<anonymous> (E:\lab\timerweb\backend\server.js:1:17)
    at Module._compile (node:internal/modules/cjs/loader:1873:14) {
  code: 'MODULE_NOT_FOUND',
  requireStack: [ 'E:\\lab\\timerweb\\backend\\server.js' ]
}

Node.js v26.3.0
node:internal/modules/cjs/loader:1522
  throw err;
  ^

Error: Cannot find module 'express'
Require stack:
- E:\lab\timerweb\backend\server.js
    at Module._resolveFilename (node:internal/modules/cjs/loader:1519:15)
    at wrapResolveFilename (node:internal/modules/cjs/loader:1073:27)
    at defaultResolveImplForCJSLoading (node:internal/modules/cjs/loader:1097:10)
    at resolveForCJSWithHooks (node:internal/modules/cjs/loader:1124:12)
    at Module._load (node:internal/modules/cjs/loader:1296:5)
    at wrapModuleLoad (node:internal/modules/cjs/loader:255:19)
    at Module.require (node:internal/modules/cjs/loader:1619:12)
    at require (node:internal/modules/helpers:191:16)
    at Object.<anonymous> (E:\lab\timerweb\backend\server.js:1:17)
    at Module._compile (node:internal/modules/cjs/loader:1873:14) {
  code: 'MODULE_NOT_FOUND',
  requireStack: [ 'E:\\lab\\timerweb\\backend\\server.js' ]
}

Node.js v26.3.0
node:internal/modules/cjs/loader:1522
  throw err;
  ^

Error: Cannot find module 'express'
Require stack:
- E:\lab\timerweb\backend\server.js
    at Module._resolveFilename (node:internal/modules/cjs/loader:1519:15)
    at wrapResolveFilename (node:internal/modules/cjs/loader:1073:27)
    at defaultResolveImplForCJSLoading (node:internal/modules/cjs/loader:1097:10)
    at resolveForCJSWithHooks (node:internal/modules/cjs/loader:1124:12)
    at Module._load (node:internal/modules/cjs/loader:1296:5)
    at wrapModuleLoad (node:internal/modules/cjs/loader:255:19)
    at Module.require (node:internal/modules/cjs/loader:1619:12)
    at require (node:internal/modules/helpers:191:16)
    at Object.<anonymous> (E:\lab\timerweb\backend\server.js:1:17)
    at Module._compile (node:internal/modules/cjs/loader:1873:14) {
  code: 'MODULE_NOT_FOUND',
  requireStack: [ 'E:\\lab\\timerweb\\backend\\server.js' ]
}

Node.js v26.3.0
node:internal/modules/cjs/loader:1522
  throw err;
  ^

Error: Cannot find module 'express'
Require stack:
- E:\lab\timerweb\backend\server.js
    at Module._resolveFilename (node:internal/modules/cjs/loader:1519:15)
    at wrapResolveFilename (node:internal/modules/cjs/loader:1073:27)
    at defaultResolveImplForCJSLoading (node:internal/modules/cjs/loader:1097:10)
    at resolveForCJSWithHooks (node:internal/modules/cjs/loader:1124:12)
    at Module._load (node:internal/modules/cjs/loader:1296:5)
    at wrapModuleLoad (node:internal/modules/cjs/loader:255:19)
    at Module.require (node:internal/modules/cjs/loader:1619:12)
    at require (node:internal/modules/helpers:191:16)
    at Object.<anonymous> (E:\lab\timerweb\backend\server.js:1:17)
    at Module._compile (node:internal/modules/cjs/loader:1873:14) {
  code: 'MODULE_NOT_FOUND',
  requireStack: [ 'E:\\lab\\timerweb\\backend\\server.js' ]
}

Node.js v26.3.0
node:internal/modules/cjs/loader:1522
  throw err;
  ^

Error: Cannot find module 'express'
Require stack:
- E:\lab\timerweb\backend\server.js
    at Module._resolveFilename (node:internal/modules/cjs/loader:1519:15)
    at wrapResolveFilename (node:internal/modules/cjs/loader:1073:27)
    at defaultResolveImplForCJSLoading (node:internal/modules/cjs/loader:1097:10)
    at resolveForCJSWithHooks (node:internal/modules/cjs/loader:1124:12)
    at Module._load (node:internal/modules/cjs/loader:1296:5)
    at wrapModuleLoad (node:internal/modules/cjs/loader:255:19)
    at Module.require (node:internal/modules/cjs/loader:1619:12)
    at require (node:internal/modules/helpers:191:16)
    at Object.<anonymous> (E:\lab\timerweb\backend\server.js:1:17)
    at Module._compile (node:internal/modules/cjs/loader:1873:14) {
  code: 'MODULE_NOT_FOUND',
  requireStack: [ 'E:\\lab\\timerweb\\backend\\server.js' ]
}

Node.js v26.3.0
node:internal/modules/cjs/loader:1522
  throw err;
  ^

Error: Cannot find module 'express'
Require stack:
- E:\lab\timerweb\backend\server.js
    at Module._resolveFilename (node:internal/modules/cjs/loader:1519:15)
    at wrapResolveFilename (node:internal/modules/cjs/loader:1073:27)
    at defaultResolveImplForCJSLoading (node:internal/modules/cjs/loader:1097:10)
    at resolveForCJSWithHooks (node:internal/modules/cjs/loader:1124:12)
    at Module._load (node:internal/modules/cjs/loader:1296:5)
    at wrapModuleLoad (node:internal/modules/cjs/loader:255:19)
    at Module.require (node:internal/modules/cjs/loader:1619:12)
    at require (node:internal/modules/helpers:191:16)
    at Object.<anonymous> (E:\lab\timerweb\backend\server.js:1:17)
    at Module._compile (node:internal/modules/cjs/loader:1873:14) {
  code: 'MODULE_NOT_FOUND',
  requireStack: [ 'E:\\lab\\timerweb\\backend\\server.js' ]
}

Node.js v26.3.0
node:internal/modules/cjs/loader:1522
  throw err;
  ^

Error: Cannot find module 'express'
Require stack:
- E:\lab\timerweb\backend\server.js
    at Module._resolveFilename (node:internal/modules/cjs/loader:1519:15)
    at wrapResolveFilename (node:internal/modules/cjs/loader:1073:27)
    at defaultResolveImplForCJSLoading (node:internal/modules/cjs/loader:1097:10)
    at resolveForCJSWithHooks (node:internal/modules/cjs/loader:1124:12)
    at Module._load (node:internal/modules/cjs/loader:1296:5)
    at wrapModuleLoad (node:internal/modules/cjs/loader:255:19)
    at Module.require (node:internal/modules/cjs/loader:1619:12)
    at require (node:internal/modules/helpers:191:16)
    at Object.<anonymous> (E:\lab\timerweb\backend\server.js:1:17)
    at Module._compile (node:internal/modules/cjs/loader:1873:14) {
  code: 'MODULE_NOT_FOUND',
  requireStack: [ 'E:\\lab\\timerweb\\backend\\server.js' ]
}

Node.js v26.3.0
node:internal/modules/cjs/loader:1522
  throw err;
  ^

Error: Cannot find module 'express'
Require stack:
- E:\lab\timerweb\backend\server.js
    at Module._resolveFilename (node:internal/modules/cjs/loader:1519:15)
    at wrapResolveFilename (node:internal/modules/cjs/loader:1073:27)
    at defaultResolveImplForCJSLoading (node:internal/modules/cjs/loader:1097:10)
    at resolveForCJSWithHooks (node:internal/modules/cjs/loader:1124:12)
    at Module._load (node:internal/modules/cjs/loader:1296:5)
    at wrapModuleLoad (node:internal/modules/cjs/loader:255:19)
    at Module.require (node:internal/modules/cjs/loader:1619:12)
    at require (node:internal/modules/helpers:191:16)
    at Object.<anonymous> (E:\lab\timerweb\backend\server.js:1:17)
    at Module._compile (node:internal/modules/cjs/loader:1873:14) {
  code: 'MODULE_NOT_FOUND',
  requireStack: [ 'E:\\lab\\timerweb\\backend\\server.js' ]
}

Node.js v26.3.0
node:internal/modules/cjs/loader:1522
  throw err;
  ^

Error: Cannot find module 'express'
Require stack:
- E:\lab\timerweb\backend\server.js
    at Module._resolveFilename (node:internal/modules/cjs/loader:1519:15)
    at wrapResolveFilename (node:internal/modules/cjs/loader:1073:27)
    at defaultResolveImplForCJSLoading (node:internal/modules/cjs/loader:1097:10)
    at resolveForCJSWithHooks (node:internal/modules/cjs/loader:1124:12)
    at Module._load (node:internal/modules/cjs/loader:1296:5)
    at wrapModuleLoad (node:internal/modules/cjs/loader:255:19)
    at Module.require (node:internal/modules/cjs/loader:1619:12)
    at require (node:internal/modules/helpers:191:16)
    at Object.<anonymous> (E:\lab\timerweb\backend\server.js:1:17)
    at Module._compile (node:internal/modules/cjs/loader:1873:14) {
  code: 'MODULE_NOT_FOUND',
  requireStack: [ 'E:\\lab\\timerweb\\backend\\server.js' ]
}

Node.js v26.3.0
node:internal/modules/cjs/loader:1522
  throw err;
  ^

Error: Cannot find module 'express'
Require stack:
- E:\lab\timerweb\backend\server.js
    at Module._resolveFilename (node:internal/modules/cjs/loader:1519:15)
    at wrapResolveFilename (node:internal/modules/cjs/loader:1073:27)
    at defaultResolveImplForCJSLoading (node:internal/modules/cjs/loader:1097:10)
    at resolveForCJSWithHooks (node:internal/modules/cjs/loader:1124:12)
    at Module._load (node:internal/modules/cjs/loader:1296:5)
    at wrapModuleLoad (node:internal/modules/cjs/loader:255:19)
    at Module.require (node:internal/modules/cjs/loader:1619:12)
    at require (node:internal/modules/helpers:191:16)
    at Object.<anonymous> (E:\lab\timerweb\backend\server.js:1:17)
    at Module._compile (node:internal/modules/cjs/loader:1873:14) {
  code: 'MODULE_NOT_FOUND',
  requireStack: [ 'E:\\lab\\timerweb\\backend\\server.js' ]
}

Node.js v26.3.0
node:internal/modules/cjs/loader:1522
  throw err;
  ^

Error: Cannot find module 'express'
Require stack:
- E:\lab\timerweb\backend\server.js
    at Module._resolveFilename (node:internal/modules/cjs/loader:1519:15)
    at wrapResolveFilename (node:internal/modules/cjs/loader:1073:27)
    at defaultResolveImplForCJSLoading (node:internal/modules/cjs/loader:1097:10)
    at resolveForCJSWithHooks (node:internal/modules/cjs/loader:1124:12)
    at Module._load (node:internal/modules/cjs/loader:1296:5)
    at wrapModuleLoad (node:internal/modules/cjs/loader:255:19)
    at Module.require (node:internal/modules/cjs/loader:1619:12)
    at require (node:internal/modules/helpers:191:16)
    at Object.<anonymous> (E:\lab\timerweb\backend\server.js:1:17)
    at Module._compile (node:internal/modules/cjs/loader:1873:14) {
  code: 'MODULE_NOT_FOUND',
  requireStack: [ 'E:\\lab\\timerweb\\backend\\server.js' ]
}

Node.js v26.3.0
